<?xml version="1.0" encoding="UTF-8"?>
<!-- Generated by org.testng.reporters.JUnitReportReporter -->
<testsuite hostname="DESKTOP-S28FG7M" failures="0" tests="1" name="Test_Case_File.TestCase" time="5.529" errors="0" timestamp="2024-08-30T17:38:32 IST" skipped="0">
  <testcase classname="Test_Case_File.TestCase" name="loginCase" time="5.529"/>
</testsuite> <!-- Test_Case_File.TestCase -->
